<?xml version="1.0" encoding="UTF-8"?>
<!-- Generated by org.testng.reporters.JUnitXMLReporter -->
<testsuite ignored="0" hostname="DESKTOP-0DVVPP6" failures="0" tests="5" name="WFM App Test Cases" time="0.783" errors="0" timestamp="2023-09-26T15:46:47 IST">
  <testcase classname="com.wfm.qa.wfmtestcases.SigninPageTest" name="@BeforeMethod setUp" time="0.056">
    <failure type="java.lang.NullPointerException" message="Cannot invoke &amp;quot;String.equalsIgnoreCase(String)&amp;quot; because &amp;quot;browserName&amp;quot; is null">
      <![CDATA[java.lang.NullPointerException: Cannot invoke "String.equalsIgnoreCase(String)" because "browserName" is null
at com.wfm.qa.base.TestBase.initialization(TestBase.java:42)
at com.wfm.qa.wfmtestcases.SigninPageTest.setUp(SigninPageTest.java:20)
at java.base/java.util.ArrayList.forEach(ArrayList.java:1511)
... Removed 29 stack frames]]>
    </failure>
  </testcase> <!-- @BeforeMethod setUp -->
  <testcase classname="com.wfm.qa.wfmtestcases.SigninPageTest" name="@BeforeMethod setUp" time="0.0">
    <skipped/>
  </testcase> <!-- @BeforeMethod setUp -->
  <testcase classname="com.wfm.qa.wfmtestcases.SigninPageTest" name="@BeforeMethod setUp" time="0.0">
    <skipped/>
  </testcase> <!-- @BeforeMethod setUp -->
  <testcase classname="com.wfm.qa.wfmtestcases.HomePageTest" name="@BeforeMethod setUp" time="0.001">
    <failure type="java.lang.NullPointerException" message="Cannot invoke &amp;quot;String.equalsIgnoreCase(String)&amp;quot; because &amp;quot;browserName&amp;quot; is null">
      <![CDATA[java.lang.NullPointerException: Cannot invoke "String.equalsIgnoreCase(String)" because "browserName" is null
at com.wfm.qa.base.TestBase.initialization(TestBase.java:42)
at com.wfm.qa.wfmtestcases.HomePageTest.setUp(HomePageTest.java:23)
at java.base/java.util.ArrayList.forEach(ArrayList.java:1511)
... Removed 29 stack frames]]>
    </failure>
  </testcase> <!-- @BeforeMethod setUp -->
  <testcase classname="com.wfm.qa.wfmtestcases.ProjectPageTest" name="@BeforeMethod setUp" time="0.031">
    <failure type="java.lang.NullPointerException" message="Cannot invoke &amp;quot;String.equalsIgnoreCase(String)&amp;quot; because &amp;quot;browserName&amp;quot; is null">
      <![CDATA[java.lang.NullPointerException: Cannot invoke "String.equalsIgnoreCase(String)" because "browserName" is null
at com.wfm.qa.base.TestBase.initialization(TestBase.java:42)
at com.wfm.qa.wfmtestcases.ProjectPageTest.setUp(ProjectPageTest.java:31)
at java.base/java.util.ArrayList.forEach(ArrayList.java:1511)
... Removed 29 stack frames]]>
    </failure>
  </testcase> <!-- @BeforeMethod setUp -->
  <testcase classname="com.wfm.qa.wfmtestcases.ProjectPageTest" name="@AfterMethod tearDown" time="0.0">
    <skipped/>
  </testcase> <!-- @AfterMethod tearDown -->
  <testcase classname="com.wfm.qa.wfmtestcases.SigninPageTest" name="signinPageTitleTest" time="0.002">
    <skipped/>
  </testcase> <!-- signinPageTitleTest -->
  <testcase classname="com.wfm.qa.wfmtestcases.SigninPageTest" name="signinPagelogoTest" time="0.001">
    <skipped/>
  </testcase> <!-- signinPagelogoTest -->
  <testcase classname="com.wfm.qa.wfmtestcases.SigninPageTest" name="signinTest" time="0.001">
    <skipped/>
  </testcase> <!-- signinTest -->
  <testcase classname="com.wfm.qa.wfmtestcases.HomePageTest" name="verifyprojectLinkTest" time="0.001">
    <skipped/>
  </testcase> <!-- verifyprojectLinkTest -->
  <testcase classname="com.wfm.qa.wfmtestcases.ProjectPageTest" name="verifycreateprojectTest" time="0.002">
    <skipped/>
  </testcase> <!-- verifycreateprojectTest -->
</testsuite> <!-- WFM App Test Cases -->
