<?xml version="1.0" encoding="UTF-8"?>
<!-- Generated by org.testng.reporters.JUnitXMLReporter -->
<testsuite ignored="0" hostname="DESKTOP-0DVVPP6" failures="0" tests="4" name="WFM App Test Cases" time="42.183" errors="0" timestamp="2023-09-23T18:00:08 IST">
  <testcase classname="com.wfm.qa.wfmtestcases.SigninPageTest" name="signinPageTitleTest" time="0.084"/>
  <testcase classname="com.wfm.qa.wfmtestcases.SigninPageTest" name="signinPagelogoTest" time="0.263"/>
  <testcase classname="com.wfm.qa.wfmtestcases.SigninPageTest" name="signinTest" time="1.449"/>
  <testcase classname="com.wfm.qa.wfmtestcases.HomePageTest" name="verifyprojectLinkTest" time="4.246"/>
</testsuite> <!-- WFM App Test Cases -->
